18/08/07.18:46:30  ====================================== 
18/08/07.18:46:30 Start check XYM
18/08/07.18:46:30 Input RCP is : TSMCF10X
18/08/07.18:46:30 Input LIM is : /z_WATSERV/fab10/1_pgm_prod/LIMIT/TSMCF10LIM.LIM
18/08/07.18:46:30 Input file_name is : H12345D0D.adt
18/08/07.18:46:30 Input raw_data_dir is: /2_data_prod/
18/08/07.18:46:30 adt_rcp:TSMCF10X
18/08/07.18:46:30 adt_lim:TSMCF10LIM
18/08/07.18:46:30 Got it! This is X_data
18/08/07.18:46:30 adt_name is: H12345D0D
18/08/07.18:46:30 Not found the other side data. It's 1st in.
18/08/07.18:48:23  ====================================== 
18/08/07.18:48:23 Start check XYM
18/08/07.18:48:23 Input file_name is : H12345D0D.adt
18/08/07.18:48:23 adt_rcp:TSMCF10X
18/08/07.18:48:23 adt_lim:TSMCF10LIM
18/08/07.18:48:23 Got it! This is X_data
18/08/07.18:48:23 adt_name is: H12345D0D
18/08/07.18:48:23 Not found the other side data. It's 1st in.
18/08/07.18:52:47  ====================================== 
18/08/07.18:52:47 Start check XYM
18/08/07.18:52:47 Input file_name is : H12345D0D.adt
18/08/07.18:52:47 adt_rcp:TSMCF10X
18/08/07.18:52:47 adt_lim:TSMCF10LIM
18/08/07.18:52:47 Got it! This is X_data
18/08/07.18:52:47 adt_name is: H12345D0D
18/08/07.18:52:47 Not found the other side data. It's 1st in.
18/08/07.19:00:07  ====================================== 
18/08/07.19:00:07 Start check XYM
18/08/07.19:00:07 Input file_name is : H12345D0D.adt
18/08/07.19:00:07 adt_rcp:TSMCF10Y
18/08/07.19:00:07 adt_lim:TSMCF10LIMY
18/08/07.19:00:07 Got it! This is Y_data
18/08/07.19:00:07 adt_name is: H12345D0D
18/08/07.19:00:07 Find the other side data OK!
18/08/07.19:02:58  ====================================== 
18/08/07.19:02:58 Start check XYM
18/08/07.19:02:58 Input file_name is : H12345D0D.adt
18/08/07.19:02:58 adt_rcp:TSMCF10Y
18/08/07.19:02:58 adt_lim:TSMCF10LIMY
18/08/07.19:02:58 Got it! This is Y_data
18/08/07.19:02:58 adt_name is: H12345D0D
18/08/07.19:02:58 Find the other side data OK!
INPUT PARAM:tst_file:/z_WATSERV/fab10/1_pgm_prod/TST/TMB605LH10.tst
file_chk:/WATSERV/DATA/FAB10DATA_XY/H12345D0D_X.adt
diecnt:21
die_num:21
Check test items->Open /WATSERV/DATA/FAB10DATA_XY/H12345D0D_X.adt
 ->1_V_10
 ->2_I_10/10
 ->3_I_10
 ->4_VT_N41_N1u_V__10/0.35
 ->6_Ioff_N41_A/um_10/0.
 ->9_Ioff_N42_A/um_10/0.
Open tst spec file /z_WATSERV/fab10/1_pgm_prod/TST/TMB605LH10.tst
->R[1]
->R[2]
->R[3]
->R[4]
->R[6]
->R[7]
->R[8]
->R[9]
Open limit file /z_WATSERV/fab10/1_pgm_prod/LIMIT/TSMCF10LIMY.LIM
 ->1  1_NV_10
 ->2  2_NI_10/10
 ->3  3_NI_10
 ->4  4_VT_N41_N1u_V_10/0.35
 ->5  5_Isat_N41_10/0.35
 ->6  6_NIoff_N41_A/um_10/0.
 ->9  9_NIoff_N42_A/um_10/0.
 ->10  10_VT_N2_N1u_V_0.6/10


 -->1_NV_10
 -->2_NI_10/10
 -->3_NI_10
 -->4_VT_N41_N1u_V_10/0.35
 -->6_NIoff_N41_A/um_10/0.
 -->9_NIoff_N42_A/um_10/0.
18/08/08.10:09:47  ====================================== 
18/08/08.10:09:47 Start check XYM
18/08/08.10:09:47 Input file_name is : H12345D0A.adt
18/08/08.10:09:47 adt_rcp:TSMCF10Y
18/08/08.10:09:47 adt_lim:TSMCF10LIMY
18/08/08.10:09:47 Got it! This is Y_data
18/08/08.10:09:47 adt_name is: H12345D0A
18/08/08.10:09:47 Not found the other side data. It's 1st in.
18/08/08.10:11:44  ====================================== 
18/08/08.10:11:44 Start check XYM
18/08/08.10:11:44 Input file_name is : H12345D0A.adt
18/08/08.10:11:44 adt_rcp:TSMCF10X
18/08/08.10:11:44 adt_lim:TSMCF10LIM
18/08/08.10:11:44 Got it! This is X_data
18/08/08.10:11:44 adt_name is: H12345D0A
18/08/08.10:11:44 Find the other side data OK!
INPUT PARAM:tst_file:/z_WATSERV/fab10/1_pgm_prod/TST/TMB605LH10.tst
file_chk:/WATSERV/DATA/FAB10DATA_XY/H12345D0A_Y.adt
diecnt:21
die_num:21
Check test items->Open /WATSERV/DATA/FAB10DATA_XY/H12345D0A_Y.adt
Open tst spec file /z_WATSERV/fab10/1_pgm_prod/TST/TMB605LH10.tst
Open limit file /z_WATSERV/fab10/1_pgm_prod/LIMIT/TSMCF10LIM.LIM


18/08/08.10:24:16  ====================================== 
18/08/08.10:24:16 Start check XYM
18/08/08.10:24:16 Input file_name is : H12345D0A.adt
18/08/08.10:24:16 adt_rcp:TSMCF10X
18/08/08.10:24:16 adt_lim:TSMCF10LIM
18/08/08.10:24:16 Got it! This is X_data
18/08/08.10:24:16 adt_name is: H12345D0A
18/08/08.10:24:16 Find the other side data OK!
INPUT PARAM:tst_file:/z_WATSERV/fab10/1_pgm_prod/TST/TMB605LH10.tst
file_chk:/WATSERV/DATA/FAB10DATA_XY/H12345D0A_Y.adt
diecnt:21
die_num:21
Check test items->Open /WATSERV/DATA/FAB10DATA_XY/H12345D0A_Y.adt
Open tst spec file /z_WATSERV/fab10/1_pgm_prod/TST/TMB605LH10.tst
Open limit file /z_WATSERV/fab10/1_pgm_prod/LIMIT/TSMCF10LIM.LIM


18/08/08.10:25:34  ====================================== 
18/08/08.10:25:34 Start check XYM
18/08/08.10:25:34 Input file_name is : H12345D0A.adt
18/08/08.10:25:34 adt_rcp:TSMCF10X
18/08/08.10:25:34 adt_lim:TSMCF10LIM
18/08/08.10:25:34 Got it! This is X_data
18/08/08.10:25:34 adt_name is: H12345D0A
18/08/08.10:25:34 Find the other side data OK!
INPUT PARAM:tst_file:/z_WATSERV/fab10/1_pgm_prod/TST/TMB605LH10.tst
file_chk:/WATSERV/DATA/FAB10DATA_XY/H12345D0A_Y.adt
diecnt:21
die_num:21
Check test items->Open /WATSERV/DATA/FAB10DATA_XY/H12345D0A_Y.adt
Open tst spec file /z_WATSERV/fab10/1_pgm_prod/TST/TMB605LH10.tst
Open limit file /z_WATSERV/fab10/1_pgm_prod/LIMIT/TSMCF10LIM.LIM


18/08/08.10:28:44  ====================================== 
18/08/08.10:28:44 Start check XYM
18/08/08.10:28:44 Input file_name is : H12345D0A.adt
18/08/08.10:28:44 adt_rcp:TSMCF10Y
18/08/08.10:28:44 adt_lim:TSMCF10LIMY
18/08/08.10:28:44 Got it! This is Y_data
18/08/08.10:28:44 adt_name is: H12345D0A
18/08/08.10:28:44 Find XY data exist!
18/08/08.10:28:44 It's Y retest, checking X-data...
18/08/08.10:28:44 Find X data exist! Can do retest-remerge.
18/08/08.11:03:10  ====================================== 
18/08/08.11:03:10 Start check XYM
18/08/08.11:03:10 Input file_name is : H12345D0B.adt
18/08/08.11:03:10 adt_rcp:TSMCF10X
18/08/08.11:03:10 adt_lim:TSMCF10LIM
18/08/08.11:03:10 Got it! This is X_data
18/08/08.11:03:10 adt_name is: H12345D0B
18/08/08.11:03:10 Not found the other side data. It's 1st in.
INPUT PARAM:tst_file:/z_WATSERV/fab10/1_pgm_prod/TST/TMB605LH10.tst
file_chk:/z_WATSERV/fab10/2_data_prod/H12345D0A.adt
Wed Aug  8 11:19:35 CST 2018
 wafer number not match
INPUT PARAM:tst_file:/z_WATSERV/fab10/1_pgm_prod/TST/TMB605LH10.tst
file_chk:/z_WATSERV/fab10/2_data_prod/H12345D0A.adt
diecnt:21
die_num:21
Check test items->Open /z_WATSERV/fab10/2_data_prod/H12345D0A.adt
Open tst spec file /z_WATSERV/fab10/1_pgm_prod/TST/TMB605LH10.tst
Open limit file /z_WATSERV/fab10/1_pgm_prod/LIMIT/TSMCF10LIM.LIM


Find repeat -> 1_V_10
Find repeat -> 2_I_10/10
Find repeat -> 3_I_10
Find repeat -> 6_Ioff_N41_A/um_10/0.
Find repeat -> 9_Ioff_N42_A/um_10/0.
Wed Aug  8 11:20:20 CST 2018
 Total 5 R arraies are the same!
INPUT PARAM:tst_file:/z_WATSERV/fab10/1_pgm_prod/TST/TMB605LH10.tst
file_chk:/z_WATSERV/fab10/2_data_prod/H12345D0A.adt
diecnt:21
die_num:21
Check test items->Open /z_WATSERV/fab10/2_data_prod/H12345D0A.adt
Open tst spec file /z_WATSERV/fab10/1_pgm_prod/TST/TMB605LH10.tst
Open limit file /z_WATSERV/fab10/1_pgm_prod/LIMIT/TSMCF10LIM.LIM


Find repeat -> 1_V_10
Find repeat -> 2_I_10/10
Find repeat -> 3_I_10
Find repeat -> 6_Ioff_N41_A/um_10/0.
Find repeat -> 9_Ioff_N42_A/um_10/0.
Wed Aug  8 11:21:39 CST 2018
 Total 5 R arraies are the same!
INPUT PARAM:tst_file:/z_WATSERV/fab10/1_pgm_prod/TST/TMB605LH10.tst
file_chk:/z_WATSERV/fab10/2_data_prod/H12345D0A.adt
diecnt:21
die_num:21
Check test items->Open /z_WATSERV/fab10/2_data_prod/H12345D0A.adt
Open tst spec file /z_WATSERV/fab10/1_pgm_prod/TST/TMB605LH10.tst
Open limit file /z_WATSERV/fab10/1_pgm_prod/LIMIT/TSMCF10LIM.LIM


Find repeat -> 1_V_10
Find repeat -> 2_I_10/10
Find repeat -> 3_I_10
Find repeat -> 6_Ioff_N41_A/um_10/0.
Find repeat -> 9_Ioff_N42_A/um_10/0.
Wed Aug  8 11:22:01 CST 2018
 Total 5 R arraies are the same!
INPUT PARAM:tst_file:/z_WATSERV/fab10/1_pgm_prod/TST/TMB605LH10.tst
file_chk:/z_WATSERV/fab10/2_data_prod/H12345D0A.adt
diecnt:21
die_num:21
Check test items->Open /z_WATSERV/fab10/2_data_prod/H12345D0A.adt
Open tst spec file /z_WATSERV/fab10/1_pgm_prod/TST/TMB605LH10.tst
Open limit file /z_WATSERV/fab10/1_pgm_prod/LIMIT/TSMCF10LIM.LIM


Find repeat -> 1_V_10
Find repeat -> 2_I_10/10
Find repeat -> 3_I_10
Find repeat -> 6_Ioff_N41_A/um_10/0.
Find repeat -> 9_Ioff_N42_A/um_10/0.
Wed Aug  8 11:24:06 CST 2018
 Total 5 R arraies are the same!
INPUT PARAM:tst_file:/z_WATSERV/fab10/1_pgm_prod/TST/TMB605LH10.tst
file_chk:/z_WATSERV/fab10/2_data_prod/H12345D0A.adt
diecnt:21
die_num:21
Check test items->Open /z_WATSERV/fab10/2_data_prod/H12345D0A.adt
Open tst spec file /z_WATSERV/fab10/1_pgm_prod/TST/TMB605LH10.tst
Open limit file /z_WATSERV/fab10/1_pgm_prod/LIMIT/TSMCF10LIM.LIM


Find repeat -> 1_V_10
Find repeat -> 2_I_10/10
Find repeat -> 3_I_10
Find repeat -> 6_Ioff_N41_A/um_10/0.
Find repeat -> 9_Ioff_N42_A/um_10/0.
Wed Aug  8 11:26:19 CST 2018
 Total 5 R arraies are the same!
INPUT PARAM:tst_file:/z_WATSERV/fab10/1_pgm_prod/TST/TMB605LH10.tst
file_chk:/z_WATSERV/fab10/2_data_prod/H12345D0A.adt
diecnt:21
die_num:21
Check test items->Open /z_WATSERV/fab10/2_data_prod/H12345D0A.adt
Open tst spec file /z_WATSERV/fab10/1_pgm_prod/TST/TMB605LH10.tst
Open limit file /z_WATSERV/fab10/1_pgm_prod/LIMIT/TSMCF10LIM.LIM


Find repeat -> 1_V_10
Find repeat -> 2_I_10/10
Find repeat -> 3_I_10
Find repeat -> 6_Ioff_N41_A/um_10/0.
Find repeat -> 9_Ioff_N42_A/um_10/0.
Wed Aug  8 11:26:28 CST 2018
 Total 5 R arraies are the same!
INPUT PARAM:tst_file:/z_WATSERV/fab10/1_pgm_prod/TST/TMB605LH10.tst
file_chk:/z_WATSERV/fab10/2_data_prod/H12345D0A.adt
diecnt:21
die_num:21
Check test items->Open /z_WATSERV/fab10/2_data_prod/H12345D0A.adt
Open tst spec file /z_WATSERV/fab10/1_pgm_prod/TST/TMB605LH10.tst
Open limit file /z_WATSERV/fab10/1_pgm_prod/LIMIT/TSMCF10LIM.LIM


Find repeat -> 1_V_10
Find repeat -> 2_I_10/10
Find repeat -> 3_I_10
Find repeat -> 6_Ioff_N41_A/um_10/0.
Find repeat -> 9_Ioff_N42_A/um_10/0.
Wed Aug  8 11:30:03 CST 2018
 Total 5 R arraies are the same!
INPUT PARAM:tst_file:/z_WATSERV/fab10/1_pgm_prod/TST/TMB605LH10.tst
file_chk:/z_WATSERV/fab10/2_data_prod/H12345D0A.adt
diecnt:21
die_num:21
Check test items->Open /z_WATSERV/fab10/2_data_prod/H12345D0A.adt
Open tst spec file /z_WATSERV/fab10/1_pgm_prod/TST/TMB605LH10.tst
Open limit file /z_WATSERV/fab10/1_pgm_prod/LIMIT/TSMCF10LIM.LIM


Find repeat -> 1_V_10
Find repeat -> 2_I_10/10
Find repeat -> 3_I_10
Find repeat -> 6_Ioff_N41_A/um_10/0.
Find repeat -> 9_Ioff_N42_A/um_10/0.
Wed Aug  8 11:46:12 CST 2018
 Total 5 R arraies are the same!
INPUT PARAM:tst_file:/z_WATSERV/fab10/1_pgm_prod/TST/TMB605LH10.tst
file_chk:/z_WATSERV/fab10/2_data_prod/H12345D0A.adt
diecnt:21
die_num:21
Check test items->Open /z_WATSERV/fab10/2_data_prod/H12345D0A.adt
Open tst spec file /z_WATSERV/fab10/1_pgm_prod/TST/TMB605LH10.tst
Open limit file /z_WATSERV/fab10/1_pgm_prod/LIMIT/TSMCF10LIM.LIM


Find repeat -> 1_V_10
Find repeat -> 2_I_10/10
Find repeat -> 3_I_10
Find repeat -> 6_Ioff_N41_A/um_10/0.
Find repeat -> 9_Ioff_N42_A/um_10/0.
Wed Aug  8 11:46:30 CST 2018
 Total 5 R arraies are the same!
INPUT PARAM:tst_file:/z_WATSERV/fab10/1_pgm_prod/TST/TMB605LH10.tst
file_chk:/z_WATSERV/fab10/2_data_prod/H12345D0A.adt
diecnt:21
die_num:21
Check test items->Open /z_WATSERV/fab10/2_data_prod/H12345D0A.adt
Open tst spec file /z_WATSERV/fab10/1_pgm_prod/TST/TMB605LH10.tst
Open limit file /z_WATSERV/fab10/1_pgm_prod/LIMIT/TSMCF10LIM.LIM


Find repeat -> 1_V_10
Find repeat -> 2_I_10/10
Find repeat -> 3_I_10
Find repeat -> 6_Ioff_N41_A/um_10/0.
Find repeat -> 9_Ioff_N42_A/um_10/0.
Wed Aug  8 11:46:42 CST 2018
 Total 5 R arraies are the same!
INPUT PARAM:tst_file:/z_WATSERV/fab10/1_pgm_prod/TST/TMB605LH10.tst
file_chk:/z_WATSERV/fab10/2_data_prod/H12345D0A.adt
diecnt:21
die_num:21
Check test items->Open /z_WATSERV/fab10/2_data_prod/H12345D0A.adt
Open tst spec file /z_WATSERV/fab10/1_pgm_prod/TST/TMB605LH10.tst
Open limit file /z_WATSERV/fab10/1_pgm_prod/LIMIT/TSMCF10LIM.LIM


Find repeat -> 1_V_10
Find repeat -> 2_I_10/10
Find repeat -> 3_I_10
Find repeat -> 6_Ioff_N41_A/um_10/0.
Find repeat -> 9_Ioff_N42_A/um_10/0.
Wed Aug  8 11:46:59 CST 2018
 Total 5 R arraies are the same!
INPUT PARAM:tst_file:/z_WATSERV/fab10/1_pgm_prod/TST/TMB605LH10.tst
file_chk:/z_WATSERV/fab10/2_data_prod/H12345D0A.adt
diecnt:21
die_num:21
Check test items->Open /z_WATSERV/fab10/2_data_prod/H12345D0A.adt
Open tst spec file /z_WATSERV/fab10/1_pgm_prod/TST/TMB605LH10.tst
Open limit file /z_WATSERV/fab10/1_pgm_prod/LIMIT/TSMCF10LIM.LIM


Find repeat -> 1_V_10
Find repeat -> 2_I_10/10
Find repeat -> 3_I_10
Find repeat -> 6_Ioff_N41_A/um_10/0.
Find repeat -> 9_Ioff_N42_A/um_10/0.
Wed Aug  8 11:52:20 CST 2018
 Total 5 R arraies are the same!
INPUT PARAM:tst_file:/z_WATSERV/fab10/1_pgm_prod/TST/TMB605LH10.tst
file_chk:/z_WATSERV/fab10/2_data_prod/H12345D0A.adt
diecnt:21
die_num:21
Check test items->Open /z_WATSERV/fab10/2_data_prod/H12345D0A.adt
Open tst spec file /z_WATSERV/fab10/1_pgm_prod/TST/TMB605LH10.tst
Open limit file /z_WATSERV/fab10/1_pgm_prod/LIMIT/TSMCF10LIM.LIM


Find repeat -> 1_V_10
Find repeat -> 2_I_10/10
Find repeat -> 3_I_10
Find repeat -> 6_Ioff_N41_A/um_10/0.
Find repeat -> 9_Ioff_N42_A/um_10/0.
Wed Aug  8 11:52:35 CST 2018
 Total 5 R arraies are the same!
INPUT PARAM:tst_file:/z_WATSERV/fab10/1_pgm_prod/TST/TMB605LH10.tst
file_chk:/z_WATSERV/fab10/2_data_prod/H12345D0A.adt
diecnt:21
die_num:21
Check test items->Open /z_WATSERV/fab10/2_data_prod/H12345D0A.adt
Open tst spec file /z_WATSERV/fab10/1_pgm_prod/TST/TMB605LH10.tst
Open limit file /z_WATSERV/fab10/1_pgm_prod/LIMIT/TSMCF10LIM.LIM


Find repeat -> 1_V_10
Find repeat -> 2_I_10/10
Find repeat -> 3_I_10
Find repeat -> 6_Ioff_N41_A/um_10/0.
Find repeat -> 9_Ioff_N42_A/um_10/0.
Wed Aug  8 11:53:37 CST 2018
 Total 5 R arraies are the same!
INPUT PARAM:tst_file:/z_WATSERV/fab10/1_pgm_prod/TST/TMB605LH10.tst
file_chk:/z_WATSERV/fab10/2_data_prod/H12345D0A.adt
Wed Aug  8 12:00:05 CST 2018
 wafer number not match
Wed Aug  8 12:00:05 CST 2018
 wafer number in 2nd direction overlap
INPUT PARAM:tst_file:/z_WATSERV/fab10/1_pgm_prod/TST/TMB605LH10.tst
file_chk:/z_WATSERV/fab10/2_data_prod/H12345D0A.adt
Wed Aug  8 12:02:36 CST 2018
 wafer number not match
INPUT PARAM:tst_file:/z_WATSERV/fab10/1_pgm_prod/TST/TMB605LH10.tst
file_chk:/z_WATSERV/fab10/2_data_prod/H12345D0A.adt
Wed Aug  8 12:03:33 CST 2018
 wafer number not match
INPUT PARAM:tst_file:/z_WATSERV/fab10/1_pgm_prod/TST/TMB605LH10.tst
file_chk:/z_WATSERV/fab10/2_data_prod/H12345D0A.adt
Wed Aug  8 12:04:41 CST 2018
 wafer number not match
INPUT PARAM:tst_file:/z_WATSERV/fab10/1_pgm_prod/TST/TMB605LH10.tst
file_chk:/z_WATSERV/fab10/2_data_prod/H12345D0A.adt
Wed Aug  8 12:05:25 CST 2018
 wafer number not match
INPUT PARAM:tst_file:/z_WATSERV/fab10/1_pgm_prod/TST/TMB605LH10.tst
file_chk:/z_WATSERV/fab10/2_data_prod/H12345D0A.adt
diecnt:21
die_num:21
Check test items->Open /z_WATSERV/fab10/2_data_prod/H12345D0A.adt
Open tst spec file /z_WATSERV/fab10/1_pgm_prod/TST/TMB605LH10.tst
Open limit file /z_WATSERV/fab10/1_pgm_prod/LIMIT/TSMCF10LIM.LIM


Find repeat -> 1_V_10
Find repeat -> 2_I_10/10
Find repeat -> 3_I_10
Find repeat -> 6_Ioff_N41_A/um_10/0.
Find repeat -> 9_Ioff_N42_A/um_10/0.
Wed Aug  8 12:05:50 CST 2018
 Total 5 R arraies are the same!
INPUT PARAM:tst_file:/z_WATSERV/fab10/1_pgm_prod/TST/TMB605LH10.tst
file_chk:/z_WATSERV/fab10/2_data_prod/H12345D0A.adt
Wed Aug  8 12:05:56 CST 2018
 wafer number not match
Wed Aug  8 12:05:56 CST 2018
 wafer number in 2nd direction overlap
INPUT PARAM:tst_file:/z_WATSERV/fab10/1_pgm_prod/TST/TMB605LH10.tst
file_chk:/z_WATSERV/fab10/2_data_prod/H12345D0A.adt
Wed Aug  8 12:07:09 CST 2018
 wafer number not match
Wed Aug  8 12:07:09 CST 2018
 wafer number in 2nd direction overlap
18/08/11.17:14:13  ====================================== 
18/08/11.17:14:13 Start check XYM
18/08/11.17:14:13 Input file_name is : H12345D0C.adt
18/08/11.17:14:13 adt_rcp:TSMCF10X
18/08/11.17:14:13 adt_lim:TSMCF10LIM
18/08/11.17:14:13 Got it! This is X_data
18/08/11.17:14:13 adt_name is: H12345D0C
18/08/11.17:14:13 Not found the other side data. It's 1st in.
18/08/11.17:17:27  ====================================== 
18/08/11.17:17:27 Start check XYM
18/08/11.17:17:27 Input file_name is : H12345D0D.adt
18/08/11.17:17:28 adt_rcp:TSMCF10X
18/08/11.17:17:28 adt_lim:TSMCF10LIM
18/08/11.17:17:28 Got it! This is X_data
18/08/11.17:17:28 adt_name is: H12345D0D
18/08/11.17:17:28 Find XY data exist!
18/08/11.17:17:28 It's X retest, checking Y-data...
18/08/11.17:17:28 Find Y data exist! Can do retest-remerge.
18/08/11.18:47:14  ====================================== 
18/08/11.18:47:14 Start check XYM
18/08/11.18:47:14 Input file_name is : H12345D0Z.adt
18/08/11.18:47:14 adt_rcp:TSMCF10X
18/08/11.18:47:14 adt_lim:TSMCF10LIM
18/08/11.18:47:14 Got it! This is X_data
18/08/11.18:47:14 adt_name is: H12345D0Z
18/08/11.18:47:14 Not found the other side data. It's 1st in.
18/08/11.18:59:02  ====================================== 
18/08/11.18:59:02 Start check XYM
18/08/11.18:59:02 Input file_name is : H12345D0Z.adt
18/08/11.18:59:02 adt_rcp:TSMCF10Y
18/08/11.18:59:02 adt_lim:TSMCF10LIMY
18/08/11.18:59:02 Got it! This is Y_data
18/08/11.18:59:02 adt_name is: H12345D0Z
18/08/11.18:59:02 Find the other side data OK!
18/08/11.18:59:58  ====================================== 
18/08/11.18:59:58 Start check XYM
18/08/11.18:59:58 Input file_name is : H12345D0Z.adt
18/08/11.18:59:58 adt_rcp:TSMCF10Y
18/08/11.18:59:58 adt_lim:TSMCF10LIMY
18/08/11.18:59:58 Got it! This is Y_data
18/08/11.18:59:58 adt_name is: H12345D0Z
18/08/11.18:59:58 Find the other side data OK!
INPUT PARAM:tst_file:/z_WATSERV/fab10/1_pgm_prod/TST/TMB605LH10.tst
file_chk:/z_WATSERV/fab10/2_data_prod/H12345D0Z.adt
Sat Aug 11 19:05:44 CST 2018
 wafer number not match
Sat Aug 11 19:05:44 CST 2018
 wafer number in 1st direction overlap
Sat Aug 11 19:05:44 CST 2018
 wafer number in 2nd direction overlap
INPUT PARAM:tst_file:/z_WATSERV/fab10/1_pgm_prod/TST/TMB605LH10.tst
file_chk:/z_WATSERV/fab10/2_data_prod/H12345D0Z.adt
Sat Aug 11 19:06:58 CST 2018
 wafer number not match
Sat Aug 11 19:06:58 CST 2018
 wafer number in 1st direction overlap
Sat Aug 11 19:06:58 CST 2018
 wafer number in 2nd direction overlap
INPUT PARAM:tst_file:/z_WATSERV/fab10/1_pgm_prod/TST/TMB605LH10.tst
file_chk:/z_WATSERV/fab10/2_data_prod/H12345D0Z.adt
Sat Aug 11 19:08:44 CST 2018
 wafer number not match
Sat Aug 11 19:08:44 CST 2018
 wafer number in 1st direction overlap
Sat Aug 11 19:08:44 CST 2018
 wafer number in 2nd direction overlap
INPUT PARAM:tst_file:/z_WATSERV/fab10/1_pgm_prod/TST/TMB605LH10.tst
file_chk:/z_WATSERV/fab10/2_data_prod/H12345D0Z.adt
Sat Aug 11 19:09:03 CST 2018
 wafer number not match
Sat Aug 11 19:09:03 CST 2018
 wafer number in 1st direction overlap
Sat Aug 11 19:09:03 CST 2018
 wafer number in 2nd direction overlap
INPUT PARAM:tst_file:/z_WATSERV/fab10/1_pgm_prod/TST/TMB605LH10.tst
file_chk:/z_WATSERV/fab10/2_data_prod/H12345D0Z.adt
Sat Aug 11 19:10:26 CST 2018
 wafer number not match
Sat Aug 11 19:10:26 CST 2018
 wafer number in 1st direction overlap
Sat Aug 11 19:10:26 CST 2018
 wafer number in 2nd direction overlap
INPUT PARAM:tst_file:/z_WATSERV/fab10/1_pgm_prod/TST/TMB605LH10.tst
file_chk:/z_WATSERV/fab10/2_data_prod/H12345D0Z.adt
Sat Aug 11 19:10:47 CST 2018
 wafer number not match
Sat Aug 11 19:10:47 CST 2018
 wafer number in 1st direction overlap
Sat Aug 11 19:10:47 CST 2018
 wafer number in 2nd direction overlap
INPUT PARAM:tst_file:/z_WATSERV/fab10/1_pgm_prod/TST/TMB605LH10.tst
file_chk:/z_WATSERV/fab10/2_data_prod/H12345D0Z.adt
Sat Aug 11 19:12:53 CST 2018
 wafer number not match
Sat Aug 11 19:12:53 CST 2018
 wafer number in 1st direction overlap
Sat Aug 11 19:12:53 CST 2018
 wafer number in 2nd direction overlap
INPUT PARAM:tst_file:/z_WATSERV/fab10/1_pgm_prod/TST/TMB605LH10.tst
file_chk:/z_WATSERV/fab10/2_data_prod/H12345D0Z.adt
Sat Aug 11 19:14:58 CST 2018
 wafer number not match
Sat Aug 11 19:14:58 CST 2018
 wafer number in 1st direction overlap
Sat Aug 11 19:14:58 CST 2018
 wafer number in 2nd direction overlap
INPUT PARAM:tst_file:/z_WATSERV/fab10/1_pgm_prod/TST/TMB605LH10.tst
file_chk:/z_WATSERV/fab10/2_data_prod/H12345D0Z.adt
Sat Aug 11 19:16:25 CST 2018
 wafer number not match
Sat Aug 11 19:16:25 CST 2018
 wafer number in 1st direction overlap
Sat Aug 11 19:16:25 CST 2018
 wafer number in 2nd direction overlap
INPUT PARAM:tst_file:/z_WATSERV/fab10/1_pgm_prod/TST/TMB605LH10.tst
file_chk:/z_WATSERV/fab10/2_data_prod/H12345D0Z.adt
Sat Aug 11 19:17:30 CST 2018
 wafer number not match
Sat Aug 11 19:17:30 CST 2018
 wafer number in 1st direction overlap
Sat Aug 11 19:17:30 CST 2018
 wafer number in 2nd direction overlap
INPUT PARAM:tst_file:/z_WATSERV/fab10/1_pgm_prod/TST/TMB605LH10.tst
file_chk:/z_WATSERV/fab10/2_data_prod/H12345D0Z.adt
Sat Aug 11 19:17:58 CST 2018
 wafer number not match
Sat Aug 11 19:17:58 CST 2018
 wafer number in 1st direction overlap
Sat Aug 11 19:17:58 CST 2018
 wafer number in 2nd direction overlap
INPUT PARAM:tst_file:/z_WATSERV/fab10/1_pgm_prod/TST/TMB605LH10.tst
file_chk:/z_WATSERV/fab10/2_data_prod/H12345D0Z.adt
Sat Aug 11 19:21:06 CST 2018
 wafer number not match
Sat Aug 11 19:21:06 CST 2018
 wafer number in 1st direction overlap
Sat Aug 11 19:21:06 CST 2018
 wafer number in 2nd direction overlap
INPUT PARAM:tst_file:/z_WATSERV/fab10/1_pgm_prod/TST/TMB605LH10.tst
file_chk:/z_WATSERV/fab10/2_data_prod/H12345D0Z.adt
Sat Aug 11 19:21:21 CST 2018
 wafer number not match
Sat Aug 11 19:21:21 CST 2018
 wafer number in 1st direction overlap
Sat Aug 11 19:21:21 CST 2018
 wafer number in 2nd direction overlap
INPUT PARAM:tst_file:/z_WATSERV/fab10/1_pgm_prod/TST/TMB605LH10.tst
file_chk:/z_WATSERV/fab10/2_data_prod/H12345D0Z.adt
diecnt:0
die_num:21
Sat Aug 11 19:22:57 CST 2018
 die number not match
INPUT PARAM:tst_file:/z_WATSERV/fab10/1_pgm_prod/TST/TMB605LH10.tst
file_chk:/z_WATSERV/fab10/2_data_prod/H12345D0Z.adt
Sat Aug 11 19:24:12 CST 2018
 wafer number not match
Sat Aug 11 19:24:12 CST 2018
 wafer number in 2nd direction overlap
INPUT PARAM:tst_file:/z_WATSERV/fab10/1_pgm_prod/TST/TMB605LH10.tst
file_chk:/z_WATSERV/fab10/2_data_prod/H12345D0Z.adt
Sat Aug 11 19:24:32 CST 2018
 wafer number not match
INPUT PARAM:tst_file:/z_WATSERV/fab10/1_pgm_prod/TST/TMB605LH10.tst
file_chk:/z_WATSERV/fab10/2_data_prod/H12345D0Z.adt
Sat Aug 11 19:24:42 CST 2018
 wafer number not match
Sat Aug 11 19:24:42 CST 2018
 wafer number in 2nd direction overlap
18/08/11.19:26:37  ====================================== 
18/08/11.19:26:37 Start check XYM
18/08/11.19:26:37 Input file_name is : H12345D0Z.adt
18/08/11.19:26:38 adt_rcp:TSMCF10Y
18/08/11.19:26:38 adt_lim:TSMCF10LIMY
18/08/11.19:26:38 Got it! This is Y_data
18/08/11.19:26:38 adt_name is: H12345D0Z
18/08/11.19:26:38 Find the other side data OK!
INPUT PARAM:tst_file:/z_WATSERV/fab10/1_pgm_prod/TST/TMB605LH10.tst
file_chk:/WATSERV/DATA/FAB10DATA_XY/H12345D0Z_X.adt
diecnt:21
die_num:21
Check test items->Open /WATSERV/DATA/FAB10DATA_XY/H12345D0Z_X.adt
Open tst spec file /z_WATSERV/fab10/1_pgm_prod/TST/TMB605LH10.tst
Open limit file /z_WATSERV/fab10/1_pgm_prod/LIMIT/TSMCF10LIMY.LIM


INPUT PARAM:tst_file:/z_WATSERV/fab10/1_pgm_prod/TST/TMB605LH10.tst
file_chk:/z_WATSERV/fab10/2_data_prod/H12345D0Z.adt
Mon Aug 13 09:50:41 CST 2018
 wafer number not match
Mon Aug 13 09:50:41 CST 2018
 wafer number in 2nd direction overlap
INPUT PARAM:tst_file:/z_WATSERV/fab10/1_pgm_prod/TST/TMB605LH10.tst
file_chk:/z_WATSERV/fab10/2_data_prod/H12345D0Z.adt
diecnt:0
die_num:21
Mon Aug 13 09:50:51 CST 2018
 die number not match
