 backup /z_WATSERV/fab10/2_data_prod/H1234D00X.adt to /var/tmp
 ERROR path of FN :/tmp/1_tmp.adt
 ERROR path of FN :/tmp/2_tmp.adt
 ERROR path of FN :/tmp/3_tmp.adt
 ERROR path of FN :/tmp/4_tmp.adt
 ERROR path of FN :/tmp/5_tmp.adt
 ERROR path of FN :/tmp/6_tmp.adt
 ERROR path of FN :/tmp/7_tmp.adt
 ERROR path of FN :/tmp/8_tmp.adt
 ERROR path of FN :/tmp/9_tmp.adt
 ERROR path of FN :/tmp/10_tmp.adt
 backup /z_WATSERV/fab10/2_data_prod/H1234D00Y.adt to /var/tmp
 ERROR path of FN :/tmp/1_tmp.adt
 ERROR path of FN :/tmp/2_tmp.adt
 ERROR path of FN :/tmp/3_tmp.adt
 ERROR path of FN :/tmp/4_tmp.adt
 ERROR path of FN :/tmp/5_tmp.adt
 ERROR path of FN :/tmp/6_tmp.adt
 ERROR path of FN :/tmp/7_tmp.adt
 ERROR path of FN :/tmp/8_tmp.adt
 ERROR path of FN :/tmp/9_tmp.adt
 ERROR path of FN :/tmp/10_tmp.adt
 /z_WATSERV/fab10/2_data_prod/H1234D00_XY.adt Pass
Mon Jul  9 16:17:27 CST 2018 backup /z_WATSERV/fab10/2_data_prod/H1234D00X.adt to /var/tmp
Mon Jul  9 16:17:27 CST 2018 backup /z_WATSERV/fab10/2_data_prod/H1234D00Y.adt to /var/tmp
Mon Jul  9 16:17:27 CST 2018 /z_WATSERV/fab10/2_data_prod/H1234D00_XY.adt Pass
Tue Jul 10 15:56:02 CST 2018 backup /z_WATSERV/fab10/2_data_prod/H1234D00X.adt to /var/tmp
Tue Jul 10 15:56:02 CST 2018 backup /z_WATSERV/fab10/2_data_prod/H1234D00Y.adt to /var/tmp
Tue Jul 10 15:56:02 CST 2018 /z_WATSERV/fab10/2_data_prod/H1234D00_XY.adt Pass
Tue Jul 10 16:31:03 CST 2018 backup /z_WATSERV/fab10/2_data_prod/H1234D00X.adt to /var/tmp
Tue Jul 10 16:31:03 CST 2018 backup /z_WATSERV/fab10/2_data_prod/H1234D00Y.adt to /var/tmp
Tue Jul 10 16:31:03 CST 2018 /z_WATSERV/fab10/2_data_prod/H1234D00_XY.adt Pass
Tue Jul 10 16:36:19 CST 2018 backup /z_WATSERV/fab10/2_data_prod/H1234D00X.adt to /var/tmp
Tue Jul 10 16:36:19 CST 2018 backup /z_WATSERV/fab10/2_data_prod/H1234D00Y.adt to /var/tmp
Tue Jul 10 16:36:19 CST 2018 /z_WATSERV/fab10/2_data_prod/H1234D00_XY.adt Pass
Tue Jul 10 16:39:32 CST 2018 backup /z_WATSERV/fab10/2_data_prod/H1234D00X.adt to /var/tmp
Tue Jul 10 16:39:32 CST 2018 backup /z_WATSERV/fab10/2_data_prod/H1234D00Y.adt to /var/tmp
Tue Jul 10 16:39:32 CST 2018 /z_WATSERV/fab10/2_data_prod/H1234D00_XY.adt Pass
Tue Jul 10 18:43:31 CST 2018 backup /z_WATSERV/fab10/2_data_prod/H1234D00X.adt to /var/tmp
Tue Jul 10 18:43:31 CST 2018 backup /z_WATSERV/fab10/2_data_prod/H1234D00Y.adt to /var/tmp
Tue Jul 10 18:43:31 CST 2018 /z_WATSERV/fab10/2_data_prod/H1234D00_XY.adt Pass
Tue Jul 10 18:48:52 CST 2018 backup /z_WATSERV/fab10/2_data_prod/H1234D00X.adt to /var/tmp
Tue Jul 10 18:48:52 CST 2018 backup /z_WATSERV/fab10/2_data_prod/H1234D00Y.adt to /var/tmp
Tue Jul 10 18:48:52 CST 2018 /z_WATSERV/fab10/2_data_prod/H1234D00_XY.adt Pass
Tue Jul 10 19:02:55 CST 2018 backup /z_WATSERV/fab10/2_data_prod/H1234D00X.adt to /var/tmp
Tue Jul 10 19:02:55 CST 2018 backup /z_WATSERV/fab10/2_data_prod/H1234D00Y.adt to /var/tmp
Tue Jul 10 19:02:55 CST 2018 /z_WATSERV/fab10/2_data_prod/H1234D00_XY.adt Pass
Thu Jul 12 16:19:49 CST 2018 backup /z_WATSERV/fab10/2_data_prod/H1234D00X.adt to /var/tmp
Thu Jul 12 16:19:49 CST 2018 backup /z_WATSERV/fab10/2_data_prod/H1234D00Y.adt to /var/tmp
Thu Jul 12 16:19:49 CST 2018 /z_WATSERV/fab10/2_data_prod/H1234D00_XY.adt Pass
Sat Jul 14 17:43:02 CST 2018 Input file not exist!!
Mon Jul 16 18:55:43 CST 2018 backup /WATSERV/DATA/FAB10DATA/H12345D00.adt to /var/tmp
Mon Jul 16 18:55:43 CST 2018 backup /WATSERV/DATA/FAB10DATA_XY/H12345D00_Y.adt to /var/tmp
Mon Jul 16 18:55:44 CST 2018 /WATSERV/DATA/FAB10DATA_XY/H12345D00_XY.adt Pass
Mon Jul 16 18:55:44 CST 2018 Input file not exist!!
Mon Jul 16 19:11:06 CST 2018 backup /WATSERV/DATA/FAB10DATA/H12345D00.adt to /var/tmp
Mon Jul 16 19:11:06 CST 2018 backup /WATSERV/DATA/FAB10DATA_XY/H12345D00_Y.adt to /var/tmp
Mon Jul 16 19:11:07 CST 2018 /WATSERV/DATA/FAB10DATA_XY/H12345D00_XY.adt Pass
Mon Jul 16 19:17:45 CST 2018 backup /WATSERV/DATA/FAB10DATA/H12345D00.adt to /var/tmp
Mon Jul 16 19:17:46 CST 2018 backup /WATSERV/DATA/FAB10DATA_XY/H12345D00_Y.adt to /var/tmp
Mon Jul 16 19:17:46 CST 2018 /WATSERV/DATA/FAB10DATA_XY/H12345D00_XY.adt Pass
Mon Jul 16 23:38:46 CST 2018 backup /WATSERV/DATA/FAB10DATA/H12345D00.adt to /var/tmp
Mon Jul 16 23:38:46 CST 2018 backup /WATSERV/DATA/FAB10DATA_XY/H12345D00_Y.adt to /var/tmp
Mon Jul 16 23:38:46 CST 2018 /WATSERV/DATA/FAB10DATA_XY/H12345D00_XY.adt Pass
Mon Jul 16 23:57:35 CST 2018 backup /WATSERV/DATA/FAB10DATA/H12345D00.adt to /var/tmp
Mon Jul 16 23:57:35 CST 2018 backup /WATSERV/DATA/FAB10DATA_XY/H12345D00_Y.adt to /var/tmp
Mon Jul 16 23:57:35 CST 2018 /WATSERV/DATA/FAB10DATA_XY/H12345D00_XY.adt Pass
Tue Jul 17 01:48:49 CST 2018 backup /WATSERV/DATA/FAB10DATA_XY/H12345D00_X.adt to /var/tmp
Tue Jul 17 01:48:49 CST 2018 backup /WATSERV/DATA/FAB10DATA_XY/H12345D00_Y.adt to /var/tmp
Tue Jul 17 01:48:50 CST 2018 /WATSERV/DATA/FAB10DATA_XY/H12345D00_XY.adt Pass
Tue Jul 17 01:57:01 CST 2018 backup /WATSERV/DATA/FAB10DATA_XY/H12345D00_X.adt to /var/tmp
Tue Jul 17 01:57:01 CST 2018 backup /WATSERV/DATA/FAB10DATA_XY/H12345D00_Y.adt to /var/tmp
Tue Jul 17 01:57:01 CST 2018 /WATSERV/DATA/FAB10DATA_XY/H12345D00_XY.adt Pass
Tue Jul 17 02:06:32 CST 2018 backup /WATSERV/DATA/FAB10DATA_XY/H12345D00_X.adt to /var/tmp
Tue Jul 17 02:06:32 CST 2018 backup /WATSERV/DATA/FAB10DATA_XY/H12345D00_Y.adt to /var/tmp
Tue Jul 17 02:06:32 CST 2018 /WATSERV/DATA/FAB10DATA_XY/H12345D00_XY.adt Pass
Wed Jul 18 16:44:45 CST 2018 backup /z_WATSERV/fab10/2_data_prod/H12345D00.adt to /var/tmp
Wed Jul 18 16:44:45 CST 2018 backup /WATSERV/DATA/FAB10DATA_XY/H12345D00_X.adt to /var/tmp
Wed Jul 18 16:44:45 CST 2018 /WATSERV/DATA/FAB10DATA_XY/H12345D00_XY.adt Pass
Wed Jul 18 17:13:42 CST 2018 backup /z_WATSERV/fab10/2_data_prod/H12345D00.adt to /var/tmp
Wed Jul 18 17:13:42 CST 2018 backup /WATSERV/DATA/FAB10DATA_XY/H12345D00_X.adt to /var/tmp
Wed Jul 18 17:13:42 CST 2018 /WATSERV/DATA/FAB10DATA_XY/H12345D00_XY.adt Pass
Wed Jul 18 17:24:50 CST 2018 backup /WATSERV/DATA/FAB10DATA_XY/H12345D00_X.adt to /var/tmp
Wed Jul 18 17:24:50 CST 2018 backup /WATSERV/DATA/FAB10DATA_XY/H12345D00_Y.adt to /var/tmp
Wed Jul 18 17:24:50 CST 2018 /WATSERV/DATA/FAB10DATA_XY/H12345D00_XY.adt Pass
Wed Jul 18 18:14:13 CST 2018 backup /WATSERV/DATA/FAB10DATA_XY/H12345D00_Y.adt to /var/tmp
Wed Jul 18 18:14:13 CST 2018 backup /WATSERV/DATA/FAB10DATA_XY/H12345D00_X.adt to /var/tmp
Wed Jul 18 18:14:13 CST 2018 /WATSERV/DATA/FAB10DATA_XY/H12345D00_XY.adt Pass
Wed Jul 18 18:38:08 CST 2018 backup /WATSERV/DATA/FAB10DATA_XY/H12345D00_Y.adt to /var/tmp
Wed Jul 18 18:38:08 CST 2018 backup /WATSERV/DATA/FAB10DATA_XY/H12345D00_X.adt to /var/tmp
Wed Jul 18 18:38:08 CST 2018 /WATSERV/DATA/FAB10DATA_XY/H12345D00_XY.adt Pass
Wed Jul 18 18:40:14 CST 2018 backup /WATSERV/DATA/FAB10DATA_XY/H12345D00_Y.adt to /var/tmp
Wed Jul 18 18:40:14 CST 2018 backup /WATSERV/DATA/FAB10DATA_XY/H12345D00_X.adt to /var/tmp
Wed Jul 18 18:40:15 CST 2018 /WATSERV/DATA/FAB10DATA_XY/H12345D00_XY.adt Pass
Wed Jul 18 19:25:49 CST 2018 backup /z_WATSERV/fab10/2_data_eng/EH12345D00.adt to /var/tmp
Wed Jul 18 19:25:49 CST 2018 backup /WATSERV/DATA/ENGDATA_XY/EH12345D00_X.adt to /var/tmp
Wed Jul 18 19:25:50 CST 2018 /WATSERV/DATA/ENGDATA_XY/EH12345D00_XY.adt Pass
Wed Jul 18 19:29:46 CST 2018 backup /WATSERV/DATA/ENGDATA_XY/EH12345D00_Y.adt to /var/tmp
Wed Jul 18 19:29:46 CST 2018 backup /WATSERV/DATA/ENGDATA_XY/EH12345D00_X.adt to /var/tmp
Wed Jul 18 19:29:46 CST 2018 /WATSERV/DATA/ENGDATA_XY/EH12345D00_XY.adt Pass
Thu Jul 19 08:36:29 CST 2018 backup /z_WATSERV/fab10/2_data_prod/H12345D00.adt to /var/tmp
Thu Jul 19 08:36:29 CST 2018 backup /WATSERV/DATA/FAB10DATA_XY/H12345D00_X.adt to /var/tmp
Thu Jul 19 08:36:30 CST 2018 /WATSERV/DATA/FAB10DATA_XY/H12345D00_XY.adt Pass
