18/08/07.19:09:15 ============================
18/08/07.19:09:15 Start run XY-merge program
18/08/07.19:09:15 Input /WATSERV/DATA/FAB10DATA/H12345D0D.adt is empty or file not found! Please check...
18/08/07.19:10:32 ============================
18/08/07.19:10:32 Start run XY-merge program
18/08/07.19:10:32 File in is /WATSERV/DATA/FAB10DATA/H12345D0D.adt
18/08/07.19:10:32 Merge with /WATSERV/DATA/FAB10DATA_XY/H12345D0D_X.adt
18/08/07.19:10:32 Copy /WATSERV/DATA/FAB10DATA/H12345D0D.adt to /WATSERV/DATA/FAB10DATA_XY/H12345D0D_Y.adt
18/08/07.19:10:32 RUN -> /WAT/usr/watfunc/merge.pl /WATSERV/DATA/FAB10DATA/H12345D0D.adt /WATSERV/DATA/FAB10DATA_XY/H12345D0D_X.adt /WATSERV/DATA/FAB10DATA_XY/H12345D0D_XY.adt -pTSMCF10PCM -rTSMCF10RCP -lTSMCF10LIM2
18/08/07.19:10:32 Merge complete! Start fix header...
18/08/07.19:10:33 Fix OK! Start copy & rename last file
18/08/07.19:10:33 Copy /WATSERV/DATA/FAB10DATA_XY/H12345D0D_XY.adt to /z_WATSERV/fab10/ftp/data_prod/H12345D0D.adt done!
18/08/07.19:10:33 Copy /WATSERV/DATA/FAB10DATA_XY/H12345D0D_XY.adt to /WATSERV/DATA/FAB10DATA/H12345D0D.adt done!
18/08/07.19:10:33 Reset first_flag OK
18/08/07.19:10:33 End of XY-merge program
18/08/08.10:13:49 First XY-merge but without first_flag file: /tmp/XYfirst.flag
18/08/08.10:24:45 ============================
18/08/08.10:24:45 Start run XY-merge program
18/08/08.10:24:45 Input /WATSERV/DATA/FAB10DATA/H12345D0A.adt is empty or file not found! Please check...
18/08/08.10:26:14 ============================
18/08/08.10:26:14 Start run XY-merge program
18/08/08.10:26:14 File in is /WATSERV/DATA/FAB10DATA/H12345D0A.adt
18/08/08.10:26:14 Merge with /WATSERV/DATA/FAB10DATA_XY/H12345D0A_Y.adt
18/08/08.10:26:14 Copy /WATSERV/DATA/FAB10DATA/H12345D0A.adt to /WATSERV/DATA/FAB10DATA_XY/H12345D0A_X.adt
18/08/08.10:26:14 RUN -> /WAT/usr/watfunc/merge.pl /WATSERV/DATA/FAB10DATA/H12345D0A.adt /WATSERV/DATA/FAB10DATA_XY/H12345D0A_Y.adt /WATSERV/DATA/FAB10DATA_XY/H12345D0A_XY.adt -pTSMCF10PCM -rTSMCF10RCP -lTSMCF10LIM2
18/08/08.10:26:14 Merge complete! Start fix header...
18/08/08.10:26:14 Fix OK! Start copy & rename last file
18/08/08.10:26:14 Copy /WATSERV/DATA/FAB10DATA_XY/H12345D0A_XY.adt to /z_WATSERV/fab10/ftp/data_prod/H12345D0A.adt done!
18/08/08.10:26:14 Copy /WATSERV/DATA/FAB10DATA_XY/H12345D0A_XY.adt to /WATSERV/DATA/FAB10DATA/H12345D0A.adt done!
18/08/08.10:26:14 End of XY-merge program
18/08/08.10:31:23 ============================
18/08/08.10:31:23 Start run XY-merge program
18/08/08.10:31:23 Retest flag detected
18/08/08.10:31:23 Check this is X or Y retest...
18/08/08.10:31:23 Backup ori-adt to /WATSERV/DATA/FAB10DATA_XY_BAK/H12345D0A_RXY1
18/08/08.10:31:23 Backup ok!
18/08/08.10:31:23 Y Retest -> File in is /WATSERV/DATA/FAB10DATA_XY/H12345D0A_Y.adt
18/08/08.10:31:23 Merge with X_ori -> /WATSERV/DATA/FAB10DATA_XY/H12345D0A_X.adt
18/08/08.10:31:23 RUN -> /WAT/usr/watfunc/merge.pl /WATSERV/DATA/FAB10DATA_XY/H12345D0A_Y.adt /WATSERV/DATA/FAB10DATA_XY/H12345D0A_X.adt /WATSERV/DATA/FAB10DATA_XY/H12345D0A_XY.adt -pTSMCF10PCM -rTSMCF10RCP -lTSMCF10LIM2
18/08/08.10:31:23 Merge complete! Start fix header...
18/08/08.10:31:23 Fix OK! Start copy & rename last file
18/08/08.10:31:23 Copy /WATSERV/DATA/FAB10DATA_XY/H12345D0A_XY.adt to /z_WATSERV/fab10/ftp/data_prod/H12345D0A.adt done!
18/08/08.10:31:23 Copy /WATSERV/DATA/FAB10DATA_XY/H12345D0A_XY.adt to /WATSERV/DATA/FAB10DATA/H12345D0A.adt done!
18/08/08.10:31:23 End of XY-merge program
18/08/11.17:48:32 ============================
18/08/11.17:48:32 Start run XY-merge program
18/08/11.17:48:32 Retest flag detected
18/08/11.17:48:32 Check this is X or Y retest...
18/08/11.17:48:32 Backup ori-adt to /WATSERV/DATA/FAB10DATA_XY_BAK/H12345D0D_RXY1
18/08/11.17:48:32 Backup ok!
18/08/11.17:48:32 Y Retest -> File in is /WATSERV/DATA/FAB10DATA_XY/H12345D0D_Y.adt
18/08/11.17:48:32 Merge with X_ori -> /WATSERV/DATA/FAB10DATA_XY/H12345D0D_X.adt
18/08/11.17:48:32 RUN -> /WAT/usr/watfunc/merge.pl /WATSERV/DATA/FAB10DATA_XY/H12345D0D_Y.adt /WATSERV/DATA/FAB10DATA_XY/H12345D0D_X.adt /WATSERV/DATA/FAB10DATA_XY/H12345D0D_XY.adt -pTSMCF10PCM -rTSMCF10RCP -lTSMCF10LIM2
18/08/11.17:48:33 Merge complete! Start fix header...
18/08/11.17:48:33 Fix OK! Start copy & rename last file
18/08/11.17:48:33 Offline by-pass upload ftp
18/08/11.17:48:33 Copy /WATSERV/DATA/FAB10DATA_XY/H12345D0D_XY.adt to /WATSERV/DATA/FAB10DATA/H12345D0D.adt done!
18/08/11.17:48:33 End of XY-merge program
18/08/11.19:27:52 ============================
18/08/11.19:27:52 Start run XY-merge program
18/08/11.19:27:52 Input /WATSERV/DATA/FAB10DATA/H12345D0Z.adt is empty or file not found! Please check...
